OK  [(0, 1, 2, 4)] r=2 N=38: UNSAT (0.0s, 438 clauses)
OK  [(0, 1, 2, 4)] r=2 N=37: SAT (0.0s, 417 clauses)
OK  [(0, 1, 2, 6)] r=2 N=56: UNSAT (0.1s, 636 clauses)
OK  [(0, 1, 2, 6)] r=2 N=55: SAT (0.0s, 615 clauses)
OK  [(0, 1, 2, 7)] r=2 N=59: UNSAT (0.1s, 617 clauses)
OK  [(0, 1, 2, 7)] r=2 N=58: SAT (0.1s, 598 clauses)
OK  [(0, 1, 3, 4)] r=2 N=41: UNSAT (0.0s, 503 clauses)
OK  [(0, 1, 3, 4)] r=2 N=40: SAT (0.0s, 480 clauses)
OK  [(0, 1, 3, 6)] r=2 N=52: UNSAT (0.1s, 556 clauses)
OK  [(0, 1, 3, 6)] r=2 N=51: SAT (0.0s, 537 clauses)
OK  [(0, 1, 3, 7)] r=2 N=60: UNSAT (0.2s, 636 clauses)
OK  [(0, 1, 3, 7)] r=2 N=59: SAT (0.0s, 617 clauses)
OK  [(0, 1, 4, 5)] r=2 N=45: UNSAT (0.1s, 495 clauses)
OK  [(0, 1, 4, 5)] r=2 N=44: SAT (0.0s, 476 clauses)
OK  [(0, 1, 4, 6)] r=2 N=58: UNSAT (0.1s, 678 clauses)
OK  [(0, 1, 4, 6)] r=2 N=57: SAT (0.1s, 657 clauses)
OK  [(0, 1, 4, 7)] r=2 N=62: UNSAT (0.3s, 674 clauses)
OK  [(0, 1, 4, 7)] r=2 N=61: SAT (0.0s, 655 clauses)
OK  [(0, 1, 5, 7)] r=2 N=62: UNSAT (0.2s, 674 clauses)
OK  [(0, 1, 5, 7)] r=2 N=61: SAT (0.0s, 655 clauses)
OK  [(0, 1, 6, 7)] r=2 N=79: UNSAT (0.7s, 1051 clauses)
OK  [(0, 1, 6, 7)] r=2 N=78: SAT (0.0s, 1026 clauses)
OK  [(0, 2, 3, 6)] r=2 N=54: UNSAT (0.1s, 594 clauses)
OK  [(0, 2, 3, 6)] r=2 N=53: SAT (0.0s, 575 clauses)
OK  [(0, 2, 3, 7)] r=2 N=62: UNSAT (0.1s, 674 clauses)
OK  [(0, 2, 3, 7)] r=2 N=61: SAT (0.1s, 655 clauses)
OK  [(0, 2, 4, 5)] r=2 N=44: UNSAT (0.0s, 476 clauses)
OK  [(0, 2, 4, 5)] r=2 N=43: SAT (0.0s, 457 clauses)
OK  [(0, 2, 4, 7)] r=2 N=61: UNSAT (0.2s, 655 clauses)
OK  [(0, 2, 4, 7)] r=2 N=60: SAT (0.2s, 636 clauses)
OK  [(0, 2, 5, 7)] r=2 N=59: UNSAT (0.4s, 617 clauses)
OK  [(0, 2, 5, 7)] r=2 N=58: SAT (0.2s, 598 clauses)
OK  [(0, 3, 4, 5)] r=2 N=44: UNSAT (0.1s, 476 clauses)
OK  [(0, 3, 4, 5)] r=2 N=43: SAT (0.0s, 457 clauses)
OK  [(0, 3, 4, 7)] r=2 N=79: UNSAT (0.3s, 1051 clauses)
OK  [(0, 3, 4, 7)] r=2 N=78: SAT (0.1s, 1026 clauses)
OK  [(0, 1, 2)] r=2 N=9: UNSAT (0.0s, 59 clauses)
OK  [(0, 1, 2)] r=2 N=8: SAT (0.0s, 48 clauses)
OK  [(0, 1, 3)] r=2 N=13: UNSAT (0.0s, 83 clauses)
OK  [(0, 1, 3)] r=2 N=12: SAT (0.0s, 72 clauses)
OK  [(0, 1, 2)] r=3 N=27: UNSAT (0.1s, 696 clauses)
OK  [(0, 1, 2)] r=3 N=26: SAT (0.0s, 650 clauses)
OK  [(0, 1, 3)] r=3 N=42: UNSAT (0.5s, 1113 clauses)
OK  [(0, 1, 3)] r=3 N=41: SAT (0.3s, 1067 clauses)
OK  [(0, 1, 4)] r=3 N=57: UNSAT (7.5s, 1533 clauses)
OK  [(0, 1, 4)] r=3 N=56: SAT (7.5s, 1484 clauses)
OK  [(0, 1, 5)] r=3 N=70: UNSAT (103.3s, 1855 clauses)
OK  [(0, 1, 5)] r=3 N=69: SAT (67.1s, 1809 clauses)
OK  [(0, 1, 3), (0, 2, 3)] r=2 N=13: UNSAT (0.0s, 127 clauses)
OK  [(0, 1, 3), (0, 2, 3)] r=2 N=12: SAT (0.0s, 108 clauses)
OK  [(0, 1, 3), (0, 2, 3)] r=3 N=29: UNSAT (0.0s, 959 clauses)
OK  [(0, 1, 3), (0, 2, 3)] r=3 N=28: SAT (0.0s, 898 clauses)
OK  [(0, 1, 4), (0, 3, 4)] r=2 N=17: UNSAT (0.0s, 163 clauses)
OK  [(0, 1, 4), (0, 3, 4)] r=2 N=16: SAT (0.0s, 144 clauses)
OK  [(0, 1, 4), (0, 3, 4)] r=3 N=54: UNSAT (0.2s, 2406 clauses)
OK  [(0, 1, 4), (0, 3, 4)] r=3 N=53: SAT (0.0s, 2321 clauses)
OK  [(0, 1, 5), (0, 4, 5)] r=2 N=19: UNSAT (0.0s, 165 clauses)
OK  [(0, 1, 5), (0, 4, 5)] r=2 N=18: SAT (0.0s, 150 clauses)
OK  [(0, 1, 5), (0, 4, 5)] r=3 N=55: UNSAT (2.2s, 2035 clauses)
OK  [(0, 1, 5), (0, 4, 5)] r=3 N=54: SAT (1.0s, 1968 clauses)
OK  [(0, 1, 6), (0, 5, 6)] r=2 N=25: UNSAT (0.0s, 235 clauses)
OK  [(0, 1, 6), (0, 5, 6)] r=2 N=24: SAT (0.0s, 216 clauses)
OK  [(0, 1, 6), (0, 5, 6)] r=3 N=60: UNSAT (43.6s, 2040 clauses)
OK  [(0, 1, 6), (0, 5, 6)] r=3 N=59: SAT (0.4s, 1979 clauses)
BATCH: ALL OK
